<?xml version="1.0" encoding="UTF-8"?>
<!-- Generated by org.testng.reporters.JUnitReportReporter -->
<testsuite hostname="ALIPL5413" failures="0" tests="1" name="AllType.Basic_Auth" time="4.840" errors="0" timestamp="2024-01-20T19:36:16 IST" skipped="0">
  <testcase classname="AllType.Basic_Auth" name="Task1" time="4.840"/>
  <system-out/>
</testsuite> <!-- AllType.Basic_Auth -->
