<?xml version="1.0" encoding="UTF-8"?>
<!-- Generated by org.testng.reporters.JUnitReportReporter -->
<testsuite hostname="ALIPL5413" failures="0" tests="3" name="tests.Broswer_implementation" time="10.503" errors="0" timestamp="2024-01-06T19:10:37 IST" skipped="0">
  <testcase classname="tests.Broswer_implementation" name="init" time="2.242"/>
  <system-out/>
  <testcase classname="tests.Broswer_implementation" name="launchBrowser" time="1.336"/>
  <system-out/>
  <testcase classname="tests.Broswer_implementation" name="navigateTo" time="6.925"/>
  <system-out/>
</testsuite> <!-- tests.Broswer_implementation -->
