<?xml version="1.0" encoding="UTF-8"?>
<!-- Generated by org.testng.reporters.JUnitReportReporter -->
<testsuite hostname="ALIPL5413" failures="0" tests="1" name="AllType.Location_popup" time="9.173" errors="0" timestamp="2024-01-20T15:24:22 IST" skipped="0">
  <testcase classname="AllType.Location_popup" name="Task1" time="9.173"/>
  <system-out/>
</testsuite> <!-- AllType.Location_popup -->
