<?xml version="1.0" encoding="UTF-8"?>
<!-- Generated by org.testng.reporters.JUnitReportReporter -->
<testsuite hostname="ALIPL5413" failures="0" tests="1" name="tests.browserSelect" time="9.234" errors="0" timestamp="2023-04-03T19:18:21 IST" skipped="0">
  <testcase classname="tests.browserSelect" name="selectBrowser" time="9.234"/>
  <system-out/>
</testsuite> <!-- tests.browserSelect -->
