<?xml version="1.0" encoding="UTF-8"?>
<!-- Generated by org.testng.reporters.JUnitReportReporter -->
<testsuite hostname="ALIPL5413" failures="0" tests="1" name="tests.Test1" time="7.286" errors="0" timestamp="2024-01-06T19:14:55 IST" skipped="0">
  <testcase classname="tests.Test1" name="Task1" time="7.286"/>
  <system-out/>
</testsuite> <!-- tests.Test1 -->
