<?xml version="1.0" encoding="UTF-8"?>
<!-- Generated by org.testng.reporters.JUnitReportReporter -->
<testsuite hostname="ALIPL5413" failures="0" tests="1" name="AllType.Switch_Tab" time="3.330" errors="0" timestamp="2024-01-06T20:29:59 IST" skipped="0">
  <testcase classname="AllType.Switch_Tab" name="Task1" time="3.330"/>
  <system-out/>
</testsuite> <!-- AllType.Switch_Tab -->
