<?xml version="1.0" encoding="UTF-8"?>
<!-- Generated by org.testng.reporters.JUnitReportReporter -->
<testsuite hostname="ALIPL5413" failures="0" tests="1" name="Cucumber.Options.TestNG_Runner" time="0.151" errors="0" timestamp="2024-01-26T00:28:24 IST" skipped="0">
  <testcase classname="Cucumber.Options.TestNG_Runner" name="runScenario" time="0.151"/>
  <system-out/>
</testsuite> <!-- Cucumber.Options.TestNG_Runner -->
