<?xml version="1.0" encoding="UTF-8"?>
<!-- Generated by org.testng.reporters.JUnitReportReporter -->
<testsuite hostname="ALIPL5413" failures="0" tests="1" name="SauceDemo_Tests.loginLogout" time="0.407" errors="0" timestamp="2023-06-28T17:20:33 IST" skipped="0">
  <testcase classname="SauceDemo_Tests.loginLogout" name="log_in" time="0.407"/>
  <system-out/>
</testsuite> <!-- SauceDemo_Tests.loginLogout -->
