<?xml version="1.0" encoding="UTF-8"?>
<!-- Generated by org.testng.reporters.JUnitReportReporter -->
<testsuite hostname="ALIPL5413" failures="0" tests="1" name="AllType.Select_Dropdown" time="4.600" errors="0" timestamp="2024-01-06T19:52:31 IST" skipped="0">
  <testcase classname="AllType.Select_Dropdown" name="Task1" time="4.600"/>
  <system-out/>
</testsuite> <!-- AllType.Select_Dropdown -->
