<?xml version="1.0" encoding="UTF-8"?>
<!-- Generated by org.testng.reporters.JUnitReportReporter -->
<testsuite hostname="ALIPL5413" failures="0" tests="3" name="tests.Sauce_login_logout" time="5.200" errors="0" timestamp="2023-06-28T16:13:21 IST" skipped="0">
  <testcase classname="tests.Sauce_login_logout" name="Launch_site" time="4.321"/>
  <system-out/>
  <testcase classname="tests.Sauce_login_logout" name="log_in" time="0.575"/>
  <system-out/>
  <testcase classname="tests.Sauce_login_logout" name="log_out" time="0.304"/>
  <system-out/>
</testsuite> <!-- tests.Sauce_login_logout -->
