<?xml version="1.0" encoding="UTF-8"?>
<!-- Generated by org.testng.reporters.JUnitReportReporter -->
<testsuite hostname="ALIPL5413" failures="0" tests="6" name="tests.testNG_tags" time="0.017" errors="0" timestamp="2023-11-16T00:00:03 IST" skipped="0">
  <testcase classname="tests.testNG_tags" name="Atest" time="0.010"/>
  <system-out/>
  <testcase classname="tests.testNG_tags" name="Btest" time="0.001"/>
  <system-out/>
  <testcase classname="tests.testNG_tags" name="Dtest" time="0.002"/>
  <system-out/>
  <testcase classname="tests.testNG_tags" name="Ftest" time="0.002"/>
  <system-out/>
  <testcase classname="tests.testNG_tags" name="Ctest" time="0.001"/>
  <system-out/>
  <testcase classname="tests.testNG_tags" name="Etest" time="0.001"/>
  <system-out/>
</testsuite> <!-- tests.testNG_tags -->
