<?xml version="1.0" encoding="UTF-8"?>
<!-- Generated by org.testng.reporters.JUnitReportReporter -->
<testsuite hostname="ALIPL5413" failures="0" tests="1" name="tests.launch" time="6.726" errors="0" timestamp="2023-03-28T12:31:27 IST" skipped="0">
  <testcase classname="tests.launch" name="open_Website" time="6.726"/>
  <system-out/>
</testsuite> <!-- tests.launch -->
