<?xml version="1.0" encoding="UTF-8"?>
<!-- Generated by org.testng.reporters.JUnitReportReporter -->
<testsuite hostname="ALIPL5413" failures="0" tests="1" name="AllType.Key_press" time="4.717" errors="0" timestamp="2024-01-12T13:00:11 IST" skipped="0">
  <testcase classname="AllType.Key_press" name="Task1" time="4.717"/>
  <system-out/>
</testsuite> <!-- AllType.Key_press -->
