<?xml version="1.0" encoding="UTF-8"?>
<!-- Generated by org.testng.reporters.JUnitReportReporter -->
<testsuite hostname="ALIPL5413" failures="0" tests="1" name="AllType.AutoIT_script" time="0.028" errors="0" timestamp="2024-01-11T15:03:57 IST" skipped="0">
  <testcase classname="AllType.AutoIT_script" name="test" time="0.028"/>
  <system-out/>
</testsuite> <!-- AllType.AutoIT_script -->
