<?xml version="1.0" encoding="UTF-8"?>
<!-- Generated by org.testng.reporters.JUnitReportReporter -->
<testsuite hostname="ALIPL5413" failures="0" tests="1" name="AllType.Auto_Suggestive_Dropdown" time="4.896" errors="0" timestamp="2024-01-06T19:41:32 IST" skipped="0">
  <testcase classname="AllType.Auto_Suggestive_Dropdown" name="Task1" time="4.896"/>
  <system-out/>
</testsuite> <!-- AllType.Auto_Suggestive_Dropdown -->
