<?xml version="1.0" encoding="UTF-8"?>
<!-- Generated by org.testng.reporters.JUnitReportReporter -->
<testsuite hostname="ALIPL5413" failures="0" tests="1" name="tests.scrolling" time="5.630" errors="0" timestamp="2023-03-30T15:16:33 IST" skipped="0">
  <testcase classname="tests.scrolling" name="scrollDown" time="5.630"/>
  <system-out/>
</testsuite> <!-- tests.scrolling -->
