<?xml version="1.0" encoding="UTF-8"?>
<!-- Generated by org.testng.reporters.JUnitReportReporter -->
<testsuite hostname="ALIPL5413" failures="0" tests="1" name="tests.javascriptExecutor_Example" time="11.346" errors="0" timestamp="2023-11-30T20:00:17 IST" skipped="0">
  <testcase classname="tests.javascriptExecutor_Example" name="task" time="11.346"/>
  <system-out/>
</testsuite> <!-- tests.javascriptExecutor_Example -->
