<?xml version="1.0" encoding="UTF-8"?>
<!-- Generated by org.testng.reporters.JUnitReportReporter -->
<testsuite hostname="ALIPL5413" failures="0" tests="1" name="AllType.Switch_Window" time="4.565" errors="0" timestamp="2024-01-06T20:21:08 IST" skipped="0">
  <testcase classname="AllType.Switch_Window" name="Task1" time="4.565"/>
  <system-out/>
</testsuite> <!-- AllType.Switch_Window -->
