<?xml version="1.0" encoding="UTF-8"?>
<!-- Generated by org.testng.reporters.JUnitReportReporter -->
<testsuite hostname="ALIPL5413" failures="0" tests="1" name="AllType.Launch" time="3.006" errors="0" timestamp="2024-01-21T19:42:41 IST" skipped="0">
  <testcase classname="AllType.Launch" name="launch" time="3.006"/>
  <system-out/>
</testsuite> <!-- AllType.Launch -->
