<?xml version="1.0" encoding="UTF-8"?>
<!-- Generated by org.testng.reporters.JUnitReportReporter -->
<testsuite hostname="ALIPL5413" failures="0" tests="1" name="ParaBank.Register" time="12.738" errors="0" timestamp="2023-11-24T23:02:42 IST" skipped="0">
  <testcase classname="ParaBank.Register" name="launch" time="12.738"/>
  <system-out/>
</testsuite> <!-- ParaBank.Register -->
