<?xml version="1.0" encoding="UTF-8"?>
<!-- Generated by org.testng.reporters.JUnitReportReporter -->
<testsuite hostname="ALIPL5413" failures="0" tests="1" name="tests.contactUs" time="16.394" errors="0" timestamp="2023-04-01T17:05:12 IST" skipped="0">
  <testcase classname="tests.contactUs" name="ContactUs" time="16.394"/>
  <system-out/>
</testsuite> <!-- tests.contactUs -->
