<?xml version="1.0" encoding="UTF-8"?>
<!-- Generated by org.testng.reporters.JUnitReportReporter -->
<testsuite hostname="ALIPL5413" failures="0" tests="1" name="tests.blog_QAClick" time="21.319" errors="0" timestamp="2023-04-01T12:06:19 IST" skipped="0">
  <testcase classname="tests.blog_QAClick" name="Blog" time="21.319"/>
  <system-out/>
</testsuite> <!-- tests.blog_QAClick -->
