<?xml version="1.0" encoding="UTF-8"?>
<!-- Generated by org.testng.reporters.JUnitReportReporter -->
<testsuite hostname="ALIPL5413" failures="0" tests="1" name="AllType.Frame" time="4.446" errors="0" timestamp="2024-01-07T19:00:50 IST" skipped="0">
  <testcase classname="AllType.Frame" name="Task1" time="4.446"/>
  <system-out/>
</testsuite> <!-- AllType.Frame -->
