<?xml version="1.0" encoding="UTF-8"?>
<!-- Generated by org.testng.reporters.JUnitReportReporter -->
<testsuite hostname="ALIPL5413" failures="0" tests="1" name="tests.Action_test" time="0.605" errors="0" timestamp="2023-11-24T13:30:42 IST" skipped="0">
  <testcase classname="tests.Action_test" name="hover_Over" time="0.605"/>
  <system-out/>
</testsuite> <!-- tests.Action_test -->
