<?xml version="1.0" encoding="UTF-8"?>
<!-- Generated by org.testng.reporters.JUnitReportReporter -->
<testsuite hostname="ALIPL5413" failures="0" tests="1" name="tests.KeyBoard_test" time="2.073" errors="0" timestamp="2023-06-22T12:51:49 IST" skipped="0">
  <testcase classname="tests.KeyBoard_test" name="Select_All" time="2.073"/>
  <system-out/>
</testsuite> <!-- tests.KeyBoard_test -->
