<?xml version="1.0" encoding="UTF-8"?>
<!-- Generated by org.testng.reporters.JUnitReportReporter -->
<testsuite hostname="ALIPL5413" failures="0" tests="1" name="AllType.Robot_class_Usage" time="4.471" errors="0" timestamp="2024-01-13T10:57:15 IST" skipped="0">
  <testcase classname="AllType.Robot_class_Usage" name="Task1" time="4.471"/>
  <system-out/>
</testsuite> <!-- AllType.Robot_class_Usage -->
