<?xml version="1.0" encoding="UTF-8"?>
<!-- Generated by org.testng.reporters.JUnitReportReporter -->
<testsuite hostname="ALIPL5413" failures="0" tests="4" name="TestNG_dataProvider.dataProvider_sameFile" time="0.010" errors="0" timestamp="2024-02-03T20:37:40 IST" skipped="0">
  <testcase classname="TestNG_dataProvider.dataProvider_sameFile" name="get_dataProvider_data" time="0.001"/>
  <system-out/>
  <testcase classname="TestNG_dataProvider.dataProvider_sameFile" name="get_dataProvider_data" time="0.007"/>
  <system-out/>
  <testcase classname="TestNG_dataProvider.dataProvider_sameFile" name="get_dataProvider_data" time="0.001"/>
  <system-out/>
  <testcase classname="TestNG_dataProvider.dataProvider_sameFile" name="get_dataProvider_data" time="0.001"/>
  <system-out/>
</testsuite> <!-- TestNG_dataProvider.dataProvider_sameFile -->
