<?xml version="1.0" encoding="UTF-8"?>
<!-- Generated by org.testng.reporters.JUnitReportReporter -->
<testsuite hostname="ALIPL5413" failures="0" tests="1" name="PLI_webapp.Login" time="20.340" errors="0" timestamp="2024-01-18T20:56:48 IST" skipped="0">
  <testcase classname="PLI_webapp.Login" name="Task1" time="20.340"/>
  <system-out/>
</testsuite> <!-- PLI_webapp.Login -->
