<?xml version="1.0" encoding="UTF-8"?>
<!-- Generated by org.testng.reporters.JUnitReportReporter -->
<testsuite hostname="ALIPL5413" failures="0" tests="1" name="AllType.Input_Numeric" time="4.352" errors="0" timestamp="2024-01-20T20:06:15 IST" skipped="0">
  <testcase classname="AllType.Input_Numeric" name="Task1" time="4.352"/>
  <system-out/>
</testsuite> <!-- AllType.Input_Numeric -->
