<?xml version="1.0" encoding="UTF-8"?>
<!-- Generated by org.testng.reporters.JUnitReportReporter -->
<testsuite hostname="ALIPL5413" failures="0" tests="5" name="tests.tes" time="0.018" errors="0" timestamp="2023-03-29T13:55:00 IST" skipped="0">
  <testcase classname="tests.tes" name="Etest" time="0.002"/>
  <system-out/>
  <testcase classname="tests.tes" name="Btest" time="0.002"/>
  <system-out/>
  <testcase classname="tests.tes" name="Ctest" time="0.001"/>
  <system-out/>
  <testcase classname="tests.tes" name="Atest" time="0.011"/>
  <system-out/>
  <testcase classname="tests.tes" name="Dtest" time="0.002"/>
  <system-out/>
</testsuite> <!-- tests.tes -->
