<?xml version="1.0" encoding="UTF-8"?>
<!-- Generated by org.testng.reporters.JUnitReportReporter -->
<testsuite hostname="ALIPL5413" failures="0" tests="6" name="tests.SauceDemo_TC1" time="4.899" errors="0" timestamp="2023-06-28T15:51:27 IST" skipped="0">
  <testcase classname="tests.SauceDemo_TC1" name="Launch_site" time="3.029"/>
  <system-out/>
  <testcase classname="tests.SauceDemo_TC1" name="log_in" time="0.420"/>
  <system-out/>
  <testcase classname="tests.SauceDemo_TC1" name="goToCart" time="0.245"/>
  <system-out/>
  <testcase classname="tests.SauceDemo_TC1" name="Submit" time="1.093"/>
  <system-out/>
  <testcase classname="tests.SauceDemo_TC1" name="verify_1" time="0.050"/>
  <system-out/>
  <testcase classname="tests.SauceDemo_TC1" name="verify_2" time="0.062"/>
  <system-out/>
</testsuite> <!-- tests.SauceDemo_TC1 -->
