<?xml version="1.0" encoding="UTF-8"?>
<!-- Generated by org.testng.reporters.JUnitReportReporter -->
<testsuite hostname="ALIPL5413" failures="0" tests="1" name="AllType.Broken_link" time="4.008" errors="0" timestamp="2024-01-13T16:43:39 IST" skipped="0">
  <testcase classname="AllType.Broken_link" name="Task1" time="4.008"/>
  <system-out/>
</testsuite> <!-- AllType.Broken_link -->
