<?xml version="1.0" encoding="UTF-8"?>
<!-- Generated by org.testng.reporters.JUnitReportReporter -->
<testsuite hostname="ALIPL5413" failures="0" tests="1" name="tests.blog" time="23.754" errors="0" timestamp="2023-03-31T20:01:24 IST" skipped="0">
  <testcase classname="tests.blog" name="Blog" time="23.754"/>
  <system-out/>
</testsuite> <!-- tests.blog -->
