<?xml version="1.0" encoding="UTF-8"?>
<!-- Generated by org.testng.reporters.JUnitReportReporter -->
<testsuite hostname="ALIPL5413" failures="0" tests="1" name="tests.RadioButton_handle" time="4.190" errors="0" timestamp="2024-01-06T19:18:57 IST" skipped="0">
  <testcase classname="tests.RadioButton_handle" name="Task1" time="4.190"/>
  <system-out/>
</testsuite> <!-- tests.RadioButton_handle -->
