<?xml version="1.0" encoding="UTF-8"?>
<!-- Generated by org.testng.reporters.JUnitReportReporter -->
<testsuite hostname="ALIPL5413" failures="0" tests="1" name="AllType.CheckBox" time="4.925" errors="0" timestamp="2024-01-06T20:06:05 IST" skipped="0">
  <testcase classname="AllType.CheckBox" name="Task1" time="4.925"/>
  <system-out/>
</testsuite> <!-- AllType.CheckBox -->
