<?xml version="1.0" encoding="UTF-8"?>
<!-- Generated by org.testng.reporters.JUnitReportReporter -->
<testsuite hostname="ALIPL5413" failures="0" tests="1" name="AllType.Alert_handling" time="7.481" errors="0" timestamp="2024-01-12T17:51:06 IST" skipped="0">
  <testcase classname="AllType.Alert_handling" name="Task1" time="7.481"/>
  <system-out/>
</testsuite> <!-- AllType.Alert_handling -->
