<?xml version="1.0" encoding="UTF-8"?>
<!-- Generated by org.testng.reporters.JUnitReportReporter -->
<testsuite hostname="ALIPL5413" failures="0" tests="1" name="tests.TestCase_Listener" time="5.902" errors="0" timestamp="2023-05-10T16:05:53 IST" skipped="0">
  <testcase classname="tests.TestCase_Listener" name="show" time="5.902"/>
  <system-out/>
</testsuite> <!-- tests.TestCase_Listener -->
