<?xml version="1.0" encoding="UTF-8"?>
<!-- Generated by org.testng.reporters.JUnitReportReporter -->
<testsuite hostname="ALIPL5413" failures="0" tests="1" name="AllType.FileUpload" time="10.490" errors="0" timestamp="2024-01-11T15:24:15 IST" skipped="0">
  <testcase classname="AllType.FileUpload" name="Task1" time="10.490"/>
  <system-out/>
</testsuite> <!-- AllType.FileUpload -->
