<?xml version="1.0" encoding="UTF-8"?>
<!-- Generated by org.testng.reporters.JUnitReportReporter -->
<testsuite hostname="ALIPL5413" failures="0" tests="1" name="tests.Interview_Test" time="5.730" errors="0" timestamp="2023-11-18T11:36:25 IST" skipped="0">
  <testcase classname="tests.Interview_Test" name="getURL" time="5.730"/>
  <system-out/>
</testsuite> <!-- tests.Interview_Test -->
