<?xml version="1.0" encoding="UTF-8"?>
<!-- Generated by org.testng.reporters.JUnitReportReporter -->
<testsuite hostname="ALIPL5413" failures="0" tests="1" name="AllType.iframe_handling" time="6.379" errors="0" timestamp="2024-01-12T14:18:11 IST" skipped="0">
  <testcase classname="AllType.iframe_handling" name="Task1" time="6.379"/>
  <system-out/>
</testsuite> <!-- AllType.iframe_handling -->
