<?xml version="1.0" encoding="UTF-8"?>
<!-- Generated by org.testng.reporters.JUnitReportReporter -->
<testsuite hostname="ALIPL5413" failures="0" tests="1" name="tests.parentToChildSwitch" time="4.645" errors="0" timestamp="2023-11-18T12:05:19 IST" skipped="0">
  <testcase classname="tests.parentToChildSwitch" name="switchTo" time="4.645"/>
  <system-out/>
</testsuite> <!-- tests.parentToChildSwitch -->
