<?xml version="1.0" encoding="UTF-8"?>
<!-- Generated by org.testng.reporters.JUnitReportReporter -->
<testsuite hostname="ALIPL5413" failures="0" tests="1" name="AllType.Mouse_hover" time="5.458" errors="0" timestamp="2024-01-20T15:19:49 IST" skipped="0">
  <testcase classname="AllType.Mouse_hover" name="Task1" time="5.458"/>
  <system-out/>
</testsuite> <!-- AllType.Mouse_hover -->
