<?xml version="1.0" encoding="UTF-8"?>
<!-- Generated by org.testng.reporters.JUnitReportReporter -->
<testsuite hostname="ALIPL5413" failures="0" tests="1" name="tests.Annotation_heirarchy" time="0.004" errors="0" timestamp="2024-02-01T12:11:46 IST" skipped="0">
  <testcase classname="tests.Annotation_heirarchy" name="test" time="0.004"/>
  <system-out/>
</testsuite> <!-- tests.Annotation_heirarchy -->
