<?xml version="1.0" encoding="UTF-8"?>
<!-- Generated by org.testng.reporters.JUnitReportReporter -->
<testsuite hostname="ALIPL5413" failures="0" tests="4" name="testRunner.TestNG_Runner" time="71.742" errors="0" timestamp="2023-04-11T11:44:09 IST" skipped="0">
  <testcase classname="testRunner.TestNG_Runner" name="runScenario" time="10.307"/>
  <system-out/>
  <testcase classname="testRunner.TestNG_Runner" name="runScenario" time="10.603"/>
  <system-out/>
  <testcase classname="testRunner.TestNG_Runner" name="runScenario" time="21.323"/>
  <system-out/>
  <testcase classname="testRunner.TestNG_Runner" name="runScenario" time="29.509"/>
  <system-out/>
</testsuite> <!-- testRunner.TestNG_Runner -->
