<?xml version="1.0" encoding="UTF-8"?>
<!-- Generated by org.testng.reporters.JUnitReportReporter -->
<testsuite hostname="ALIPL5413" failures="0" tests="1" name="ParaBank.Login_existingAcct" time="10.310" errors="0" timestamp="2023-11-24T23:04:56 IST" skipped="0">
  <testcase classname="ParaBank.Login_existingAcct" name="launch" time="10.310"/>
  <system-out/>
</testsuite> <!-- ParaBank.Login_existingAcct -->
