<?xml version="1.0" encoding="UTF-8"?>
<!-- Generated by org.testng.reporters.JUnitReportReporter -->
<testsuite hostname="ALIPL5413" failures="0" tests="1" name="tests.access_dataProvider_data" time="0.008" errors="0" timestamp="2024-02-03T19:37:57 IST" skipped="0">
  <testcase classname="tests.access_dataProvider_data" name="get_dataProvider_data" time="0.008"/>
  <system-out/>
</testsuite> <!-- tests.access_dataProvider_data -->
