<?xml version="1.0" encoding="UTF-8"?>
<!-- Generated by org.testng.reporters.JUnitReportReporter -->
<testsuite hostname="ALIPL5413" failures="0" tests="3" name="TestNG_dataProvider.Parameter" time="0.022" errors="0" timestamp="2024-02-04T17:30:08 IST" skipped="0">
  <testcase classname="TestNG_dataProvider.Parameter" name="Test2" time="0.017"/>
  <system-out/>
  <testcase classname="TestNG_dataProvider.Parameter" name="Test3" time="0.002"/>
  <system-out/>
  <testcase classname="TestNG_dataProvider.Parameter" name="Test1" time="0.003"/>
  <system-out>
    <![CDATA[***Test1 Start***
***Test1 End***]]>
  </system-out>
</testsuite> <!-- TestNG_dataProvider.Parameter -->
