<?xml version="1.0" encoding="UTF-8"?>
<!-- Generated by org.testng.reporters.JUnitReportReporter -->
<testsuite hostname="ALIPL5413" failures="0" tests="2" name="cucumber.Options.TestRunner" time="20.756" errors="0" timestamp="2023-04-01T19:16:18 IST" skipped="0">
  <testcase classname="cucumber.Options.TestRunner" name="runScenario" time="9.285"/>
  <system-out/>
  <testcase classname="cucumber.Options.TestRunner" name="runScenario" time="11.471"/>
  <system-out/>
</testsuite> <!-- cucumber.Options.TestRunner -->
