<?xml version="1.0" encoding="UTF-8"?>
<!-- Generated by org.testng.reporters.JUnitReportReporter -->
<testsuite hostname="ALIPL5413" failures="0" tests="1" name="AllType.Web_Table" time="8.137" errors="0" timestamp="2024-01-18T13:23:15 IST" skipped="0">
  <testcase classname="AllType.Web_Table" name="Task1" time="8.137"/>
  <system-out/>
</testsuite> <!-- AllType.Web_Table -->
