<?xml version="1.0" encoding="UTF-8"?>
<!-- Generated by org.testng.reporters.JUnitReportReporter -->
<testsuite hostname="ALIPL5413" failures="0" tests="1" name="AllType.Drag_and_Drop" time="5.780" errors="0" timestamp="2024-01-11T13:41:11 IST" skipped="0">
  <testcase classname="AllType.Drag_and_Drop" name="Task1" time="5.780"/>
  <system-out/>
</testsuite> <!-- AllType.Drag_and_Drop -->
