<?xml version="1.0" encoding="UTF-8"?>
<!-- Generated by org.testng.reporters.JUnitReportReporter -->
<testsuite hostname="ALIPL5413" failures="0" tests="1" name="tests.register" time="53.285" errors="0" timestamp="2023-04-17T19:05:57 IST" skipped="0">
  <testcase classname="tests.register" name="loadWebsite" time="53.285"/>
  <system-out/>
</testsuite> <!-- tests.register -->
