<?xml version="1.0" encoding="UTF-8"?>
<!-- Generated by org.testng.reporters.JUnitReportReporter -->
<testsuite hostname="ALIPL5413" failures="0" tests="1" name="tests.readExcel" time="0.549" errors="0" timestamp="2023-06-28T20:01:41 IST" skipped="0">
  <testcase classname="tests.readExcel" name="readData" time="0.549"/>
  <system-out>
    <![CDATA[user1, user1@gmail.com, 1
user2, user2@gmail.com, 2]]>
  </system-out>
</testsuite> <!-- tests.readExcel -->
